20221004	23:45:28	1ff3fd05-b022-40db-9da1-77a130115be4	GET	/	undefined
20221004	23:46:43	e02c35df-1aa7-43e5-9bb6-4acdf312d30c	GET	/	undefined
20221004	23:46:52	675feafe-6462-4179-93f0-9859d373f9f3	GET	/	undefined
20221004	23:47:13	24daa7c7-8901-4f0e-9b04-e51b5cfbfcaa	GET	/	undefined
20221004	23:47:18	307d9a15-29d9-4634-9827-864b834b6d70	GET	/	undefined
20221004	23:49:23	2d9a104b-cbe3-4196-b231-9050cfe1817d	GET	/	undefined
20221004	23:50:06	700e6f5b-64a2-47fe-8851-92123d00465c	GET	/	undefined
20221004	23:50:30	87c50f86-1b05-4323-b8f9-5590f325d47f	GET	/	undefined
20221004	23:50:32	e2da7871-f34e-4e05-83ea-c46259f7c562	GET	/	undefined
20221004	23:50:35	1e5a2486-30a9-439a-842b-e1ae3f4eabc0	GET	/	undefined
20221004	23:50:43	7354fa41-0e5a-46a3-81d9-53668b91858a	GET	/	undefined
20221004	23:50:45	f644a4c5-4a93-4681-8477-1d898dbadfa5	GET	/	undefined
20221004	23:51:08	9b4119cd-8f67-4164-b363-14300f3ca1b3	GET	/	undefined
20221004	23:51:11	1ca93e55-ef2b-4c7a-8e2c-1fc482e45106	GET	/	undefined
20221004	23:51:20	55eb12bd-5680-4f71-b9fe-946822173d43	GET	/	undefined
20221004	23:51:44	0a65d00e-7c14-46c0-b971-96b2c279a658	GET	/	undefined
20221004	23:52:42	1399ed73-7593-40de-90b9-067d0b57040f	GET	/	undefined
20221004	23:55:27	15af7380-1810-4e01-a1c9-5656d10950ec	GET	/	https://www.google.com
20221004	23:57:37	23c994fd-aa9c-480d-b858-adf3456e0533	GET	/	undefined
20221004	23:57:40	a9fc329c-8076-4801-8494-6db3cfc95727	GET	/	undefined
20221004	23:58:26	a0033aac-a492-4f51-9b46-6129fab694ec	GET	/	undefined
20221004	23:58:31	9219b0ca-76d2-41f6-b121-cc423df0ca7b	GET	/	undefined
20221004	23:59:17	5d9a021a-f927-42f7-bbe5-2efb28c9d39d	GET	/	undefined
20221005	00:02:26	813035c9-a83b-484b-8d5f-c56c6277248d	GET	/	undefined
20221005	00:02:32	c0782d9c-867a-4593-a3c9-15dc8ec5e38d	GET	/api/	undefined
20221005	00:02:40	8a81f6bd-b868-4eb4-9cfc-cb90fe752e57	GET	/index.html	undefined
20221005	00:03:31	9604d1f8-83be-4e8b-b86c-e8b031ff30ee	GET	/index.html	undefined
20221005	00:03:35	5631a2cf-4073-49d6-80e1-dc2c8481baf3	GET	/	undefined
20221005	00:03:42	cc25e264-627a-402a-baf2-b9c8ce7ffbac	GET	/	undefined
20221005	00:05:02	38bcb467-a820-485f-b1b4-ee64156054f1	GET	/	undefined
20221005	00:05:11	4f58dc55-5fc8-4f54-9667-2e1916168536	GET	/	undefined
20221005	00:05:20	4eb5a478-2ac1-416d-b96b-9158a713dfe5	GET	/	undefined
20221005	00:05:27	729d340e-bb83-4684-902a-434d4b66536e	GET	/	undefined
20221005	00:05:32	246b5762-52ad-407c-9051-05bd61d2ce94	GET	/	undefined
20221005	00:05:34	1e7d9385-6aaa-48b6-be26-c31f55863849	GET	/	undefined
20221005	00:05:37	e3d44897-173e-4a98-a588-79db1e5d3814	GET	/	undefined
20221005	00:05:40	906bcb0c-b2d0-4d9a-b46a-2d2684dc294f	GET	/	undefined
20221005	00:05:41	ab42dbc0-e9d8-494f-8144-55cb5f5356c7	GET	/	undefined
20221005	00:05:51	7be944d0-73d8-4855-9009-cbe598e90775	GET	/	undefined
20221005	00:06:57	0c829e45-614b-48cb-9164-1459c3c5ce8f	GET	/	undefined
20221005	00:08:05	e295f041-b244-452a-bd90-d1314f9efdb1	GET	/	undefined
20221005	00:10:22	43b051c2-d6f8-4a39-ae6a-ae273b8b8aa3	GET	/	undefined
20221005	00:10:24	539e4d02-7e82-4057-a547-89e12456cf7d	GET	/	undefined
20221005	00:10:38	be2f58dc-d4da-49d4-b351-2a6ce863d30a	GET	/	undefined
20221005	00:10:56	1d3d76bf-d203-421c-ba51-ea85f0c51ace	GET	/	undefined
20221005	00:11:03	c8d7e689-ad33-4a4e-a44e-48b9f3697073	GET	/	undefined
20221005	00:11:14	a353c8db-ed19-499f-a53d-d59f6b45d048	GET	/	undefined
20221005	00:11:22	55ed86fe-1e9f-4150-9761-88af1167fd9f	GET	/	undefined
20221005	00:11:29	4668ce37-caef-4ce5-96f2-cbc5b86edd76	GET	/	undefined
20221005	00:12:15	517a24f1-e6e1-43e4-8b94-e4f3d9187894	GET	/	undefined
20221005	00:12:27	1e5e94a6-b22f-41f4-9206-e81c94e5161f	GET	/	undefined
20221005	00:12:30	0126b816-a664-450e-bb7d-8b8fd2130ec1	GET	/	undefined
20221005	00:12:50	41841e40-093c-4a54-b999-88ff2fa6df71	GET	/	undefined
20221005	13:59:21	a545bca9-849c-439a-827f-258be0c2dda6	GET	/	undefined
20221005	14:01:18	da26b5c0-f9dc-4549-bd24-066a9aa8d6de	GET	/	undefined
20221005	14:02:19	d7805be5-431b-4f3c-8c19-98c3d29fb5af	GET	/	undefined
20221005	14:02:22	dc055667-767a-4ea8-9ddc-6ddf1b117e75	GET	/	undefined
20221005	14:02:25	8b6b1610-954d-49b7-838b-25f6e625dfe0	GET	/	undefined
20221005	14:05:03	bbbf03db-62c2-4782-be23-6496b32d073e	GET	/	undefined
20221005	14:05:09	728a58db-df51-4aca-95bc-20eba7d1983a	GET	/	undefined
20221005	14:05:31	29d9da57-5b4f-4255-b7d5-d608e614f0ae	GET	/	undefined
20221005	14:05:48	48a04379-d693-420b-8ffe-27dd036d67bd	GET	/	undefined
20221005	14:06:14	7f9bc483-f4c0-4809-a2a1-4fa75dfc132d	GET	/	undefined
20221005	14:06:39	3fd3f93d-934e-4428-91d7-97a06531ac23	GET	/	undefined
20221005	14:06:52	c63a9fca-13a1-4637-8ece-d4927ae89e73	GET	/	undefined
20221005	14:07:57	8b35c5a4-6c5a-43a2-99ef-8de7ffee7adb	GET	/	undefined
20221005	14:09:59	7482ccae-9d30-40e8-a6a4-09b989986cf3	GET	/	undefined
20221005	14:09:59	79a94305-2c40-4f06-bbd0-131a67a786e0	GET	/css/style.css	undefined
20221005	14:09:59	487ed2c2-8536-4393-bca5-4a95513c5b1d	GET	/favicon.ico	undefined
20221005	14:11:10	8397ab5d-75b0-499c-9e77-373c286ba7f8	GET	/	undefined
20221005	14:11:10	3be4bf41-0f67-4a3d-adf2-350045f1a0e3	GET	/css/style.css	undefined
20221005	14:11:21	c64ff9be-5087-4864-9e76-be37f6335fa7	GET	/	undefined
20221005	14:11:21	085724f0-e333-443e-bb75-06edaa4e76b6	GET	/css/style.css	undefined
20221005	14:11:26	1ba5e3db-2098-4ed9-914a-baccd2d35d3b	GET	/asdsa	undefined
20221005	14:11:26	31c1d7be-78af-440d-9aa7-dc82de44bee8	GET	/css/style.css	undefined
20221005	14:12:22	7ad1cae8-a28a-4f74-bdcd-bf6676e779b4	GET	/	undefined
20221005	14:12:31	e3a900d2-4958-4d17-9d6b-fc5cafb30232	GET	/	undefined
20221005	14:12:31	3178abe8-aec0-4e7d-bce9-19e1caddf639	GET	/css/style.css	undefined
20221005	14:13:08	ad98c585-4984-4a49-835e-fb0c18bf7ae1	GET	/	undefined
20221005	14:13:08	53ed9fca-76e8-41d7-9dc6-f924f83d7c88	GET	/css/style.css	undefined
20221005	14:15:11	cc4c67ae-f8e7-40cc-9a94-fa6c817ef704	GET	/	undefined
20221005	14:15:18	c6b7eb03-75c3-4e19-80c2-d2e44ac276a2	GET	/	undefined
20221005	14:15:29	86870165-6bd6-4c76-8ed6-274eb1cd93bd	GET	/	undefined
20221005	14:15:29	a5df3498-21bd-4f69-81b4-b6baa35acda0	GET	/	undefined
20221005	14:15:30	3c1b03aa-2af2-49f1-ba78-6e810b35b648	GET	/css/style.css	undefined
20221005	14:15:30	6a31bd95-42b1-4c6f-9533-84865728b913	GET	/css/style.css	undefined
20221005	14:40:12	e2b0f01c-566e-40bd-8211-39e1afc2b4cf	GET	/	undefined
20221005	14:40:12	ee6474ab-31b1-4dd9-9428-d8b566e63351	GET	/css/style.css	undefined
20221005	14:40:14	a036b700-c19c-4799-8664-3ef5b845ed29	GET	/asdasd	undefined
20221005	14:40:14	9a1ff5fc-fa54-4aff-816a-5d19886f7650	GET	/css/style.css	undefined
